<?xml version="1.0" encoding="UTF-8"?>
<!-- Generated by org.testng.reporters.JUnitReportReporter -->
<testsuite hostname="keveen-PC" name="Framework.TC_PageObject" tests="1" failures="0" timestamp="24 Jan 2016 09:09:06 GMT" time="38.981" errors="0">
  <testcase name="TestTriangleApp_TC" time="38.981" classname="Framework.TC_PageObject"/>
</testsuite> <!-- Framework.TC_PageObject -->
